Collecting 4 UIDs
Start: 1532269079
Card select failed.
Card select failed.
Card select failed.
Card select failed.
End: 1532269080
Collecting 4 UIDs
Start: 1532269090
Card select failed.
Card select failed.
Card select failed.
Card select failed.
End: 1532269090
Collecting 4 UIDs
Start: 1532269098
BCB02C56
BCB02C56
BCB02C56
BCB02C56
End: 1532269099
Collecting 50 UIDs
Start: 1532269114
BCB02C56
BCB02C56
BCB02C56
BCB02C56
BCB02C56
BCB02C56
BCB02C56
BCB02C56
BCB02C56
BCB02C56
BCB02C56
BCB02C56
BCB02C56
BCB02C56
BCB02C56
BCB02C56
BCB02C56
BCB02C56
BCB02C56
BCB02C56
BCB02C56
BCB02C56
BCB02C56
BCB02C56
BCB02C56
BCB02C56
BCB02C56
BCB02C56
BCB02C56
BCB02C56
BCB02C56
BCB02C56
BCB02C56
BCB02C56
BCB02C56
BCB02C56
BCB02C56
BCB02C56
BCB02C56
BCB02C56
BCB02C56
BCB02C56
BCB02C56
BCB02C56
BCB02C56
BCB02C56
BCB02C56
BCB02C56
BCB02C56
BCB02C56
End: 1532269120
Collecting 1 UIDs
Start: 1532269126
BCB02C56
End: 1532269127
Collecting 20 UIDs
Start: 1532269142
Card select failed.
Card select failed.
Card select failed.
Card select failed.
Card select failed.
Card select failed.
Card select failed.
Card select failed.
Card select failed.
Card select failed.
Card select failed.
Card select failed.
Card select failed.
Card select failed.
Card select failed.
Card select failed.
Card select failed.
Card select failed.
Card select failed.
Card select failed.
End: 1532269145
Collecting 20 UIDs
Start: 1532269152
Card select failed.
Card select failed.
Card select failed.
Card select failed.
#db# Multiple tags detected. Collision after Bit 5       
BCB02C56
BCB02C56
BCB02C56
#db# Multiple tags detected. Collision after Bit 5       
BCB02C56
#db# Multiple tags detected. Collision after Bit 5       
BCB02C56
#db# Multiple tags detected. Collision after Bit 5       
BCB02C56
#db# Multiple tags detected. Collision after Bit 5       
BCB02C56
#db# Multiple tags detected. Collision after Bit 5       
BCB02C56
#db# Multiple tags detected. Collision after Bit 5       
BCB02C56
#db# Multiple tags detected. Collision after Bit 5       
BCB02C56
Card select failed.
Card select failed.
06319031
06319031
06319031
06319031
End: 1532269155
Emulating ISO/IEC 14443 type A tag with 4 byte UID (06319031)
#db# Button press       
#db# 0 0 0       
Recorded Activity (TraceLen = 0 bytes)

Start = Start of Start Bit, End = End of last modulation. Src = Source of Transfer
iso14443a - All times are in carrier periods (1/13.56Mhz)
iClass    - Timings are not as accurate

     Start |       End | Src | Data (! denotes parity error)                                   | CRC | Annotation         |
-----------|-----------|-----|-----------------------------------------------------------------|-----|--------------------|
Recorded Activity (TraceLen = 0 bytes)

Start = Start of Start Bit, End = End of last modulation. Src = Source of Transfer
iso14443a - All times are in carrier periods (1/13.56Mhz)
iClass    - Timings are not as accurate

     Start |       End | Src | Data (! denotes parity error)                                   | CRC | Annotation         |
-----------|-----------|-----|-----------------------------------------------------------------|-----|--------------------|
ATQA : 00 04
 UID : 06 31 90 31 
 SAK : 08 [2]
TYPE : NXP MIFARE CLASSIC 1k | Plus 2k SL1
proprietary non iso14443-4 card found, RATS not supported
Answers to chinese magic backdoor commands: YES
Recorded Activity (TraceLen = 153 bytes)

Start = Start of Start Bit, End = End of last modulation. Src = Source of Transfer
iso14443a - All times are in carrier periods (1/13.56Mhz)
iClass    - Timings are not as accurate

     Start |       End | Src | Data (! denotes parity error)                                   | CRC | Annotation         |
-----------|-----------|-----|-----------------------------------------------------------------|-----|--------------------|
         0 |       992 | Rdr | 52                                                              |     | WUPA
      2244 |      4612 | Tag | 04  00                                                          |     | 
      7040 |      9504 | Rdr | 93  20                                                          |     | ANTICOLL
     10692 |     16516 | Tag | 06  31  90  31  96                                              |     | 
     18688 |     29152 | Rdr | 93  70  06  31  90  31  96  f1  65                              |     | SELECT_UID
     30404 |     33924 | Tag | 08  b6  dd                                                      |     | 
    388736 |    393504 | Rdr | e0  80  31  73                                                  |     | RATS
    394692 |    395332 | Tag | 04                                                              |     | 
    892800 |    893792 | Rdr | 40                                                              |     | MAGIC WUPC1
    895044 |    895620 | Tag | 0a!                                                             |     | 
    899840 |    901152 | Rdr | 43                                                              |     | MAGIC WUPC2
    902340 |    902916 | Tag | 0a!                                                             |     | 
    906880 |    911648 | Rdr | 50  00  57  cd                                                  |     | HALT
Recorded Activity (TraceLen = 153 bytes)

Start = Start of Start Bit, End = End of last modulation. Src = Source of Transfer
iso14443a - All times are in carrier periods (1/13.56Mhz)
iClass    - Timings are not as accurate

     Start |       End | Src | Data (! denotes parity error)                                   | CRC | Annotation         |
-----------|-----------|-----|-----------------------------------------------------------------|-----|--------------------|
         0 |       992 | Rdr | 52                                                              |     | WUPA
       992 |      2244 |     | fdt (Frame Delay Time): 1252
      2244 |      4612 | Tag | 04  00                                                          |     | 
      7040 |      9504 | Rdr | 93  20                                                          |     | ANTICOLL
      9504 |     10692 |     | fdt (Frame Delay Time): 1188
     10692 |     16516 | Tag | 06  31  90  31  96                                              |     | 
     18688 |     29152 | Rdr | 93  70  06  31  90  31  96  f1  65                              |     | SELECT_UID
     29152 |     30404 |     | fdt (Frame Delay Time): 1252
     30404 |     33924 | Tag | 08  b6  dd                                                      |     | 
    388736 |    393504 | Rdr | e0  80  31  73                                                  |     | RATS
    393504 |    394692 |     | fdt (Frame Delay Time): 1188
    394692 |    395332 | Tag | 04                                                              |     | 
    892800 |    893792 | Rdr | 40                                                              |     | MAGIC WUPC1
    893792 |    895044 |     | fdt (Frame Delay Time): 1252
    895044 |    895620 | Tag | 0a!                                                             |     | 
    899840 |    901152 | Rdr | 43                                                              |     | MAGIC WUPC2
    901152 |    902340 |     | fdt (Frame Delay Time): 1188
    902340 |    902916 | Tag | 0a!                                                             |     | 
    906880 |    911648 | Rdr | 50  00  57  cd                                                  |     | HALT
--block number: 0 
block data:06 31 90 31 96 08 04 00 62 63 64 65 66 67 68 69 
--block number: 3 
block data:ff ff ff ff ff ff ff 07 80 69 ff ff ff ff ff ff 
--block number: 0 
block data:06 31 90 31 96 08 04 00 62 63 64 65 66 67 68 69 
--block number: 0 
block data:06 31 90 31 96 08 04 00 62 63 64 65 66 67 68 69 
--sector number:3 
block  12 data:00 00 00 00 00 00 00 00 00 00 00 00 00 00 00 00 
block  13 data:00 00 00 00 00 00 00 00 00 00 00 00 00 00 00 00 
block  14 data:00 00 00 00 00 00 00 00 00 00 00 00 00 00 00 00 
block  15 data:ff ff ff ff ff ff ff 07 80 69 ff ff ff ff ff ff 
#db# Debug level: 4       
#db# Debug level: 2       
ATQA : 00 04
 UID : 06 31 90 31 
 SAK : 08 [2]
TYPE : NXP MIFARE CLASSIC 1k | Plus 2k SL1
proprietary non iso14443-4 card found, RATS not supported
Answers to chinese magic backdoor commands: YES
help             This help
cnonces          <m> <n> <d> Acquire n>0 encrypted PACE nonces of size m>0 with d sec pauses
#db# Measuring HF antenna, press button to exit       
#db# 27154 mV       
#db# 27154 mV       
#db# 27154 mV       
#db# 27154 mV       
#db# 27118 mV       
#db# 27118 mV       
#db# 27118 mV       
#db# 27118 mV       
#db# 27118 mV       
#db# 27118 mV       
#db# 27118 mV       
#db# 27118 mV       
#db# 27118 mV       
#db# 27118 mV       
#db# 27118 mV       
#db# 27118 mV       
#db# 27118 mV       
#db# 27118 mV       
#db# 27118 mV       
#db# 27083 mV       
#db# 27083 mV       
#db# 27118 mV       
#db# 27083 mV       
#db# 27083 mV       
#db# 27083 mV       
#db# 27083 mV       
#db# 27083 mV       
#db# 27083 mV       
#db# 27083 mV       
#db# 27083 mV       
#db# 27083 mV       
#db# 27083 mV       
#db# 27083 mV       
#db# 27083 mV       
#db# 27083 mV       
#db# 27083 mV       
#db# 27083 mV       
#db# 27083 mV       
#db# 27083 mV       
#db# 27083 mV       
#db# 27083 mV       
#db# 27083 mV       
#db# 27083 mV       
#db# 27083 mV       
#db# 27083 mV       
#db# 27083 mV       
#db# 27083 mV       
#db# 27083 mV       
#db# 27083 mV       
#db# 27083 mV       
#db# 27083 mV       
#db# 27083 mV       
#db# 27083 mV       
#db# 27047 mV       
#db# 27047 mV       
#db# 27083 mV       
#db# 27047 mV       
#db# 27047 mV       
#db# 27047 mV       
#db# 27047 mV       
#db# 27047 mV       
#db# 27047 mV       
#db# 27047 mV       
#db# 27047 mV       
#db# 27047 mV       
#db# 27047 mV       
#db# 27047 mV       
#db# 27047 mV       
#db# 27047 mV       
#db# 27047 mV       
#db# 27047 mV       
#db# 27047 mV       
#db# 27047 mV       
#db# 27047 mV       
#db# 27047 mV       
#db# 27047 mV       
#db# 27047 mV       
#db# 27047 mV       
#db# 27047 mV       
#db# 27047 mV       
#db# 27047 mV       
#db# 27047 mV       
#db# 27047 mV       
#db# 27047 mV       
#db# 27047 mV       
#db# 27047 mV       
#db# 27047 mV       
#db# 27047 mV       
#db# 27047 mV       
#db# 27047 mV       
#db# 27047 mV       
#db# 27047 mV       
#db# 27047 mV       
#db# 27047 mV       
#db# 27047 mV       
#db# 27047 mV       
#db# 27047 mV       
#db# 27047 mV       
#db# 27047 mV       
#db# 27047 mV       
#db# 27047 mV       
#db# 27012 mV       
#db# 27012 mV       
#db# 27083 mV       
#db# 27118 mV       
#db# 26976 mV       
#db# 26799 mV       
#db# 26870 mV       
#db# 26870 mV       
#db# 26870 mV       
#db# 26870 mV       
#db# 26870 mV       
#db# 26870 mV       
#db# 26905 mV       
#db# 26905 mV       
#db# 26870 mV       
#db# 26905 mV       
#db# 26941 mV       
#db# 27225 mV       
#db# 28253 mV       
#db# 29848 mV       
#db# 30840 mV       
#db# 31514 mV       
#db# 31975 mV       
#db# 32223 mV       
#db# 32329 mV       
#db# 32329 mV       
#db# 32258 mV       
#db# 32116 mV       
#db# 31939 mV       
#db# 31620 mV       
#db# 31195 mV       
#db# 30734 mV       
#db# 29990 mV       
#db# 29103 mV       
#db# 28146 mV       
#db# 27083 mV       
#db# 25771 mV       
#db# 24424 mV       
#db# 23112 mV       
#db# 22793 mV       
#db# 22864 mV       
#db# 22829 mV       
#db# 22439 mV       
#db# 22191 mV       
#db# 22155 mV       
#db# 22155 mV       
#db# 22120 mV       
#db# 22120 mV       
#db# 22084 mV       
#db# 22084 mV       
#db# 22049 mV       
#db# 22049 mV       
#db# 22084 mV       
#db# 22120 mV       
#db# 22155 mV       
#db# 22191 mV       
#db# 22191 mV       
#db# 22191 mV       
#db# 22191 mV       
#db# 22226 mV       
#db# 22297 mV       
#db# 22793 mV       
#db# 24105 mV       
#db# 26409 mV       
#db# 28891 mV       
#db# 30557 mV       
#db# 31514 mV       
#db# 32081 mV       
#db# 32294 mV       
#db# 32365 mV       
#db# 32365 mV       
#db# 32365 mV       
#db# 32365 mV       
#db# 32365 mV       
#db# 32365 mV       
#db# 32365 mV       
#db# 32365 mV       
#db# 32365 mV       
#db# 32365 mV       
#db# 32365 mV       
#db# 32365 mV       
#db# 32365 mV       
#db# 32365 mV       
#db# 32365 mV       
#db# 32365 mV       
#db# 32365 mV       
#db# 32365 mV       
#db# 32365 mV       
#db# 32365 mV       
#db# 32365 mV       
#db# 32365 mV       
#db# 32365 mV       
#db# 32365 mV       
#db# 32365 mV       
#db# 32365 mV       
#db# 32365 mV       
#db# 32365 mV       
#db# 32365 mV       
#db# 32365 mV       
#db# 32365 mV       
#db# 32365 mV       
#db# 32365 mV       
#db# 32365 mV       
#db# 32365 mV       
#db# 32365 mV       
#db# 32365 mV       
#db# 32365 mV       
#db# 32365 mV       
#db# 32365 mV       
#db# 32329 mV       
#db# 32329 mV       
#db# 32294 mV       
#db# 32258 mV       
#db# 32187 mV       
#db# 32116 mV       
#db# 31975 mV       
#db# 31762 mV       
#db# 31230 mV       
#db# 30273 mV       
#db# 28820 mV       
#db# 26870 mV       
#db# 24991 mV       
#db# 23573 mV       
#db# 22829 mV       
#db# 22616 mV       
#db# 22262 mV       
#db# 21482 mV       
#db# 20525 mV       
#db# 19887 mV       
#db# 19248 mV       
#db# 18681 mV       
#db# 18433 mV       
#db# 18362 mV       
#db# 18256 mV       
#db# 18008 mV       
#db# 17653 mV       
#db# 17086 mV       
#db# 16696 mV       
#db# 16235 mV       
#db# 15987 mV       
#db# 16023 mV       
#db# 15916 mV       
#db# 15810 mV       
#db# 15562 mV       
#db# 15384 mV       
#db# 15101 mV       
#db# 14959 mV       
#db# 14675 mV       
#db# 14392 mV       
#db# 14215 mV       
#db# 14073 mV       
#db# 13825 mV       
#db# 13506 mV       
#db# 13187 mV       
#db# 12868 mV       
#db# 12655 mV       
#db# 12619 mV       
#db# 12619 mV       
#db# 12619 mV       
#db# 12619 mV       
#db# 12619 mV       
#db# 12619 mV       
#db# 12619 mV       
#db# 12619 mV       
#db# 12619 mV       
#db# 12619 mV       
#db# 12619 mV       
#db# 12619 mV       
#db# 12619 mV       
#db# 12619 mV       
#db# 12619 mV       
#db# 12619 mV       
#db# 12619 mV       
#db# 12619 mV       
#db# 12619 mV       
#db# 12619 mV       
#db# 12619 mV       
#db# 12619 mV       
#db# 12619 mV       
#db# 12619 mV       
#db# 12619 mV       
#db# 12619 mV       
#db# 12619 mV       
#db# 12619 mV       
#db# 12619 mV       
#db# 12619 mV       
#db# 12619 mV       
#db# 12619 mV       
#db# 12619 mV       
#db# 12619 mV       
#db# 12619 mV       
#db# 12619 mV       
#db# 12619 mV       
#db# 12619 mV       
#db# 12619 mV       
#db# 12619 mV       
#db# 12655 mV       
#db# 12655 mV       
#db# 12655 mV       
#db# 12619 mV       
#db# 12655 mV       
#db# 13080 mV       
#db# 14995 mV       
#db# 22155 mV       
#db# 30309 mV       
#db# 32010 mV       
#db# 32294 mV       
#db# 32365 mV       
#db# 32365 mV       
#db# 32365 mV       
#db# 32365 mV       
#db# 32365 mV       
#db# 32365 mV       
#db# 32365 mV       
#db# 32365 mV       
#db# 32365 mV       
#db# 32365 mV       
#db# 32365 mV       
#db# 32365 mV       
#db# 32365 mV       
#db# 32365 mV       
#db# 32365 mV       
#db# 32365 mV       
#db# 32365 mV       
#db# 32365 mV       
#db# 32365 mV       
#db# 32365 mV       
#db# 32365 mV       
#db# 32365 mV       
#db# 32329 mV       
#db# 32329 mV       
#db# 32329 mV       
#db# 32329 mV       
#db# 32294 mV       
#db# 32294 mV       
#db# 32223 mV       
#db# 32116 mV       
#db# 31904 mV       
#db# 31514 mV       
#db# 30769 mV       
#db# 29741 mV       
#db# 28607 mV       
#db# 27685 mV       
#db# 26445 mV       
#db# 25417 mV       
#db# 24743 mV       
#db# 23396 mV       
#db# 21907 mV       
#db# 21127 mV       
#db# 20489 mV       
#db# 20241 mV       
#db# 20099 mV       
#db# 20170 mV       
#db# 20347 mV       
#db# 20241 mV       
#db# 19603 mV       
#db# 18717 mV       
#db# 18043 mV       
#db# 17653 mV       
#db# 16944 mV       
#db# 16412 mV       
#db# 16164 mV       
#db# 16058 mV       
#db# 16058 mV       
#db# 15987 mV       
#db# 15668 mV       
#db# 15704 mV       
#db# 15704 mV       
#db# 15668 mV       
#db# 15633 mV       
#db# 15526 mV       
#db# 15455 mV       
#db# 15384 mV       
#db# 15384 mV       
#db# 15384 mV       
#db# 15384 mV       
#db# 15384 mV       
#db# 15384 mV       
#db# 15384 mV       
#db# 15278 mV       
#db# 15207 mV       
#db# 15207 mV       
#db# 15207 mV       
#db# 15207 mV       
#db# 15207 mV       
#db# 15207 mV       
#db# 15207 mV       
#db# 15136 mV       
#db# 15065 mV       
#db# 14995 mV       
#db# 14924 mV       
#db# 14534 mV       
#db# 14534 mV       
#db# 14534 mV       
#db# 14534 mV       
#db# 14534 mV       
#db# 14534 mV       
#db# 14534 mV       
#db# 14534 mV       
#db# 14534 mV       
#db# 14534 mV       
#db# 14534 mV       
#db# 14534 mV       
#db# 14534 mV       
#db# 14534 mV       
#db# 14534 mV       
#db# 14534 mV       
#db# 14534 mV       
#db# 14534 mV       
#db# 14534 mV       
#db# 14534 mV       
#db# 14534 mV       
#db# 14534 mV       
#db# 14534 mV       
#db# 14498 mV       
#db# 14498 mV       
#db# 14498 mV       
#db# 14498 mV       
#db# 14498 mV       
#db# 14534 mV       
#db# 14534 mV       
#db# 14534 mV       
#db# 14534 mV       
#db# 14569 mV       
#db# 14640 mV       
#db# 14675 mV       
#db# 14605 mV       
#db# 14959 mV       
#db# 15278 mV       
#db# 16980 mV       
#db# 20099 mV       
#db# 24389 mV       
#db# 28678 mV       
#db# 31018 mV       
#db# 31904 mV       
#db# 32223 mV       
#db# 32294 mV       
#db# 32329 mV       
#db# 32365 mV       
#db# 32365 mV       
#db# 32365 mV       
#db# 32365 mV       
#db# 32365 mV       
#db# 32365 mV       
#db# 32365 mV       
#db# 32365 mV       
#db# 32365 mV       
#db# 32365 mV       
#db# 32365 mV       
#db# 32365 mV       
#db# 32329 mV       
#db# 32365 mV       
#db# 32329 mV       
#db# 32329 mV       
#db# 32329 mV       
#db# 32329 mV       
#db# 32329 mV       
#db# 32329 mV       
#db# 32329 mV       
#db# 32329 mV       
#db# 32329 mV       
#db# 32329 mV       
#db# 32329 mV       
#db# 32294 mV       
#db# 32294 mV       
#db# 32294 mV       
#db# 32294 mV       
#db# 32258 mV       
#db# 32258 mV       
#db# 32223 mV       
#db# 32187 mV       
#db# 32187 mV       
#db# 32187 mV       
#db# 32187 mV       
#db# 32187 mV       
#db# 32152 mV       
#db# 32116 mV       
#db# 32046 mV       
#db# 31975 mV       
#db# 31904 mV       
#db# 31797 mV       
#db# 31691 mV       
#db# 31585 mV       
#db# 31585 mV       
#db# 31585 mV       
#db# 31585 mV       
#db# 31585 mV       
#db# 31585 mV       
#db# 31514 mV       
#db# 31443 mV       
#db# 31408 mV       
#db# 31337 mV       
#db# 31266 mV       
#db# 31159 mV       
#db# 31053 mV       
#db# 30982 mV       
#db# 30911 mV       
#db# 30663 mV       
#db# 30131 mV       
#db# 29706 mV       
#db# 29635 mV       
#db# 29493 mV       
#db# 29600 mV       
#db# 29706 mV       
#db# 29529 mV       
#db# 29422 mV       
#db# 29281 mV       
#db# 29068 mV       
#db# 28642 mV       
#db# 28217 mV       
#db# 28182 mV       
#db# 28253 mV       
#db# 28253 mV       
#db# 28253 mV       
#db# 28075 mV       
#db# 27685 mV       
#db# 27473 mV       
#db# 27295 mV       
#db# 27295 mV       
#db# 27295 mV       
#db# 27331 mV       
#db# 27331 mV       
#db# 27331 mV       
#db# 27295 mV       
#db# 27295 mV       
#db# 27295 mV       
#db# 27295 mV       
#db# 27295 mV       
#db# 27295 mV       
#db# 27295 mV       
#db# 27295 mV       
#db# 27295 mV       
#db# 27295 mV       
#db# 27260 mV       
#db# 27260 mV       
#db# 27260 mV       
#db# 27260 mV       
#db# 27260 mV       
#db# 27260 mV       
#db# 27260 mV       
#db# 27260 mV       
#db# 27260 mV       
#db# 27295 mV       
#db# 27331 mV       
#db# 27366 mV       
#db# 27437 mV       
#db# 27473 mV       
#db# 27437 mV       
#db# 27402 mV       
#db# 27402 mV       
#db# 27437 mV       
#db# 27473 mV       
#db# 27508 mV       
#db# 27544 mV       
#db# 27579 mV       
#db# 27650 mV       
#db# 27685 mV       
#db# 27721 mV       
#db# 27792 mV       
#db# 27685 mV       
#db# 27685 mV       
#db# 27685 mV       
#db# 27756 mV       
#db# 27863 mV       
#db# 28111 mV       
#db# 28713 mV       
#db# 29954 mV       
#db# 31443 mV       
#db# 32081 mV       
#db# 32223 mV       
#db# 32258 mV       
#db# 32294 mV       
#db# 32294 mV       
#db# 32294 mV       
#db# 32294 mV       
#db# 32294 mV       
#db# 32294 mV       
#db# 32294 mV       
#db# 32294 mV       
#db# 32294 mV       
#db# 32294 mV       
#db# 32294 mV       
#db# 32294 mV       
#db# 32258 mV       
#db# 32258 mV       
#db# 32258 mV       
#db# 32258 mV       
#db# 32258 mV       
#db# 32258 mV       
#db# 32258 mV       
#db# 32223 mV       
#db# 32223 mV       
#db# 32223 mV       
#db# 32223 mV       
#db# 32187 mV       
#db# 32187 mV       
#db# 32187 mV       
#db# 32187 mV       
#db# 32187 mV       
#db# 32187 mV       
#db# 32187 mV       
#db# 32187 mV       
#db# 32152 mV       
#db# 32152 mV       
#db# 32152 mV       
#db# 32152 mV       
#db# 32152 mV       
#db# 32152 mV       
#db# 32152 mV       
#db# 32152 mV       
#db# 32152 mV       
#db# 32152 mV       
#db# 32116 mV       
#db# 32116 mV       
#db# 32116 mV       
#db# 32116 mV       
#db# 32116 mV       
#db# 32116 mV       
#db# 32116 mV       
#db# 32116 mV       
#db# 32116 mV       
#db# 32116 mV       
#db# 32116 mV       
#db# 32116 mV       
#db# 32116 mV       
#db# 32116 mV       
#db# 32116 mV       
#db# 32116 mV       
#db# 32116 mV       
#db# 32116 mV       
#db# 32116 mV       
#db# 32116 mV       
#db# 32116 mV       
#db# 32116 mV       
#db# 32116 mV       
#db# 32116 mV       
#db# 32116 mV       
#db# 32116 mV       
#db# 32116 mV       
#db# 32116 mV       
#db# 32116 mV       
#db# 32116 mV       
#db# 32116 mV       
#db# 32116 mV       
#db# 32116 mV       
#db# 32116 mV       
#db# 32152 mV       
#db# 32152 mV       
#db# 32187 mV       
#db# 32223 mV       
#db# 32223 mV       
#db# 32223 mV       
#db# 32258 mV       
#db# 32258 mV       
#db# 32258 mV       
#db# 32258 mV       
#db# 32258 mV       
#db# 32258 mV       
#db# 32258 mV       
#db# 32258 mV       
#db# 32223 mV       
#db# 32223 mV       
#db# 32187 mV       
#db# 32152 mV       
#db# 32081 mV       
#db# 31975 mV       
#db# 31833 mV       
#db# 31656 mV       
#db# 31478 mV       
#db# 31266 mV       
#db# 31053 mV       
#db# 30805 mV       
#db# 30521 mV       
#db# 30202 mV       
#db# 29741 mV       
#db# 29281 mV       
#db# 28607 mV       
#db# 27969 mV       
#db# 27366 mV       
#db# 26870 mV       
#db# 26338 mV       
#db# 25807 mV       
#db# 25310 mV       
#db# 24708 mV       
#db# 24034 mV       
#db# 23431 mV       
#db# 23183 mV       
#db# 22935 mV       
#db# 22758 mV       
#db# 22616 mV       
#db# 22545 mV       
#db# 22403 mV       
#db# 22191 mV       
#db# 21943 mV       
#db# 21624 mV       
#db# 21269 mV       
#db# 20879 mV       
#db# 20560 mV       
#db# 20347 mV       
#db# 20099 mV       
#db# 19780 mV       
#db# 19461 mV       
#db# 19142 mV       
#db# 18823 mV       
#db# 18504 mV       
#db# 18185 mV       
#db# 18114 mV       
#db# 18079 mV       
#db# 18079 mV       
#db# 18079 mV       
#db# 18079 mV       
#db# 18079 mV       
#db# 18079 mV       
#db# 18079 mV       
#db# 18079 mV       
#db# 18079 mV       
#db# 18079 mV       
#db# 18079 mV       
#db# 18079 mV       
#db# 18079 mV       
#db# 18079 mV       
#db# 18079 mV       
#db# 18079 mV       
#db# 18079 mV       
#db# 18079 mV       
#db# 18079 mV       
#db# 18079 mV       
#db# 18079 mV       
#db# 18079 mV       
#db# 18079 mV       
#db# 18079 mV       
#db# 18079 mV       
#db# 18079 mV       
#db# 18079 mV       
#db# 18079 mV       
#db# 18079 mV       
#db# 18079 mV       
#db# 18079 mV       
#db# 18079 mV       
#db# 18079 mV       
#db# 18079 mV       
#db# 18079 mV       
#db# 18079 mV       
#db# 18079 mV       
#db# 18079 mV       
#db# 18079 mV       
#db# 18079 mV       
#db# 18079 mV       
#db# 18079 mV       
#db# 18079 mV       
#db# 18079 mV       
#db# 18079 mV       
#db# 18043 mV       
#db# 18043 mV       
#db# 18043 mV       
#db# 18043 mV       
#db# 18043 mV       
#db# 18043 mV       
#db# 18043 mV       
#db# 18043 mV       
#db# 18043 mV       
#db# 18043 mV       
#db# 18043 mV       
#db# 18043 mV       
#db# 18043 mV       
#db# 18043 mV       
#db# 18043 mV       
#db# 18043 mV       
#db# 18043 mV       
#db# 18043 mV       
#db# 18043 mV       
#db# 18043 mV       
#db# 18043 mV       
#db# 18043 mV       
#db# 18043 mV       
#db# 18043 mV       
#db# 18043 mV       
#db# 18043 mV       
#db# 18008 mV       
#db# 18008 mV       
#db# 18008 mV       
#db# 18008 mV       
#db# 18008 mV       
#db# 18008 mV       
#db# 18008 mV       
#db# 18008 mV       
#db# 18008 mV       
#db# 18008 mV       
#db# 18008 mV       
#db# 18008 mV       
#db# 18008 mV       
#db# 18008 mV       
#db# 18008 mV       
#db# 18008 mV       
#db# 18008 mV       
#db# 18008 mV       
#db# 18008 mV       
#db# 18008 mV       
#db# 18008 mV       
#db# 18008 mV       
#db# 18008 mV       
#db# 18008 mV       
#db# 18008 mV       
#db# 18008 mV       
#db# 18008 mV       
#db# 18008 mV       
#db# 18008 mV       
#db# 18008 mV       
#db# 18008 mV       
#db# 18008 mV       
#db# 18008 mV       
#db# 18008 mV       
#db# 18008 mV       
#db# 18008 mV       
#db# 17972 mV       
#db# 17972 mV       
#db# 17972 mV       
#db# 17972 mV       
#db# 17972 mV       
#db# 17972 mV       
#db# 17972 mV       
#db# 17972 mV       
#db# 17972 mV       
#db# 17972 mV       
#db# 17972 mV       
#db# 17972 mV       
#db# 18008 mV       
#db# 18008 mV       
#db# 18008 mV       
#db# 18008 mV       
#db# 18008 mV       
#db# 18008 mV       
#db# 18008 mV       
#db# 18008 mV       
#db# 18008 mV       
#db# 18008 mV       
#db# 18008 mV       
#db# 18008 mV       
#db# 18008 mV       
#db# 18008 mV       
#db# 18008 mV       
#db# 18008 mV       
#db# 18008 mV       
#db# 18008 mV       
#db# 18008 mV       
#db# 18008 mV       
#db# 18008 mV       
#db# 18008 mV       
#db# 18008 mV       
#db# 18008 mV       
#db# 18008 mV       
#db# 18008 mV       
#db# 18008 mV       
#db# 18008 mV       
#db# 18114 mV       
#db# 18433 mV       
#db# 19178 mV       
#db# 21092 mV       
#db# 24672 mV       
#db# 28075 mV       
#db# 30309 mV       
#db# 31408 mV       
#db# 31904 mV       
#db# 32152 mV       
#db# 32223 mV       
#db# 32258 mV       
#db# 32294 mV       
#db# 32294 mV       
#db# 32294 mV       
#db# 32294 mV       
#db# 32294 mV       
#db# 32294 mV       
#db# 32294 mV       
#db# 32294 mV       
#db# 32294 mV       
#db# 32294 mV       
#db# 32294 mV       
#db# 32294 mV       
#db# 32294 mV       
#db# 32294 mV       
#db# 32294 mV       
#db# 32294 mV       
#db# 32294 mV       
#db# 32294 mV       
#db# 32294 mV       
#db# 32294 mV       
#db# 32294 mV       
#db# 32294 mV       
#db# 32294 mV       
#db# 32294 mV       
#db# 32294 mV       
#db# 32294 mV       
#db# 32294 mV       
#db# 32294 mV       
#db# 32294 mV       
#db# 32294 mV       
#db# 32294 mV       
#db# 32294 mV       
#db# 32294 mV       
#db# 32294 mV       
#db# 32294 mV       
#db# 32294 mV       
#db# 32294 mV       
#db# 32294 mV       
#db# 32294 mV       
#db# 32258 mV       
#db# 32258 mV       
#db# 32258 mV       
#db# 32258 mV       
#db# 32258 mV       
#db# 32258 mV       
#db# 32258 mV       
#db# 32258 mV       
#db# 32258 mV       
#db# 32258 mV       
#db# 32258 mV       
#db# 32258 mV       
#db# 32258 mV       
#db# 32258 mV       
#db# 32258 mV       
#db# 32258 mV       
#db# 32258 mV       
#db# 32258 mV       
#db# 32258 mV       
#db# 32258 mV       
#db# 32258 mV       
#db# 32258 mV       
#db# 32258 mV       
#db# 32258 mV       
#db# 32258 mV       
#db# 32258 mV       
#db# 32258 mV       
#db# 32258 mV       
#db# 32258 mV       
#db# 32258 mV       
#db# 32258 mV       
#db# 32258 mV       
#db# 32258 mV       
#db# 32258 mV       
#db# 32258 mV       
#db# 32258 mV       
#db# 32258 mV       
#db# 32258 mV       
#db# 32258 mV       
#db# 32258 mV       
#db# 32258 mV       
#db# 32258 mV       
#db# 32258 mV       
#db# 32258 mV       
#db# 32258 mV       
#db# 32258 mV       
#db# 32258 mV       
#db# 32258 mV       
#db# 32258 mV       
#db# 32258 mV       
#db# 32258 mV       
#db# 32258 mV       
#db# 32258 mV       
#db# 32258 mV       
#db# 32258 mV       
#db# 32258 mV       
#db# 32258 mV       
#db# 32258 mV       
#db# 32258 mV       
#db# 32258 mV       
#db# 32258 mV       
#db# 32258 mV       
#db# 32258 mV       
#db# 32258 mV       
#db# 32223 mV       
#db# 32223 mV       
#db# 32223 mV       
#db# 32187 mV       
#db# 32223 mV       
#db# 32187 mV       
#db# 32223 mV       
#db# 32223 mV       
#db# 32187 mV       
#db# 32187 mV       
#db# 32187 mV       
#db# 32187 mV       
#db# 32187 mV       
#db# 32187 mV       
#db# 32187 mV       
#db# 32187 mV       
#db# 32187 mV       
#db# 32187 mV       
#db# 32187 mV       
#db# 32187 mV       
#db# 32187 mV       
#db# 32187 mV       
#db# 32152 mV       
#db# 32187 mV       
#db# 32187 mV       
#db# 32187 mV       
#db# 32187 mV       
#db# 32187 mV       
#db# 32187 mV       
#db# 32187 mV       
#db# 32187 mV       
#db# 32187 mV       
#db# 32187 mV       
#db# 32187 mV       
#db# 32152 mV       
#db# 32152 mV       
#db# 32152 mV       
#db# 32152 mV       
#db# 32152 mV       
#db# 32152 mV       
#db# 32152 mV       
#db# 32152 mV       
#db# 32152 mV       
#db# 32152 mV       
#db# 32152 mV       
#db# 32152 mV       
#db# 32152 mV       
#db# 32152 mV       
#db# 32152 mV       
#db# 32152 mV       
#db# 32152 mV       
#db# 32152 mV       
#db# 32152 mV       
#db# 32152 mV       
#db# 32152 mV       
#db# 32152 mV       
#db# 32152 mV       
#db# 32152 mV       
#db# 32152 mV       
#db# 32152 mV       
#db# 32152 mV       
#db# 32152 mV       
#db# 32152 mV       
#db# 32152 mV       
#db# 32152 mV       
#db# 32152 mV       
#db# 32152 mV       
#db# 32152 mV       
#db# 32152 mV       
#db# 32152 mV       
#db# 32152 mV       
#db# 32152 mV       
#db# 32081 mV       
#db# 32116 mV       
#db# 32152 mV       
#db# 32187 mV       
#db# 32223 mV       
#db# 32187 mV       
#db# 32187 mV       
#db# 32187 mV       
#db# 32187 mV       
#db# 32187 mV       
#db# 32187 mV       
#db# 32152 mV       
#db# 32152 mV       
#db# 32116 mV       
#db# 32116 mV       
#db# 32081 mV       
#db# 32046 mV       
#db# 32046 mV       
#db# 32081 mV       
#db# 32081 mV       
#db# 32081 mV       
#db# 32081 mV       
#db# 32081 mV       
#db# 32046 mV       
#db# 31975 mV       
#db# 31939 mV       
#db# 31868 mV       
#db# 31868 mV       
#db# 31833 mV       
#db# 31833 mV       
#db# 31762 mV       
#db# 31656 mV       
#db# 31372 mV       
#db# 30769 mV       
#db# 29954 mV       
#db# 29635 mV       
#db# 29600 mV       
#db# 29600 mV       
#db# 29635 mV       
#db# 29777 mV       
#db# 29741 mV       
#db# 29670 mV       
#db# 29706 mV       
#db# 30309 mV       
#db# 31230 mV       
#db# 31833 mV       
#db# 32081 mV       
#db# 32152 mV       
#db# 32152 mV       
#db# 32187 mV       
#db# 32187 mV       
#db# 32187 mV       
#db# 32187 mV       
#db# 32187 mV       
#db# 32152 mV       
#db# 32152 mV       
#db# 32152 mV       
#db# 32152 mV       
#db# 32152 mV       
#db# 32152 mV       
#db# 32152 mV       
#db# 32152 mV       
#db# 32116 mV       
#db# 32116 mV       
#db# 32046 mV       
#db# 32010 mV       
#db# 31939 mV       
#db# 31797 mV       
#db# 31620 mV       
#db# 31337 mV       
#db# 30911 mV       
#db# 30486 mV       
#db# 30060 mV       
#db# 29564 mV       
#db# 29281 mV       
#db# 29281 mV       
#db# 29281 mV       
#db# 29281 mV       
#db# 29351 mV       
#db# 29351 mV       
#db# 29210 mV       
#db# 28997 mV       
#db# 28713 mV       
#db# 28323 mV       
#db# 28004 mV       
#db# 27650 mV       
#db# 27473 mV       
#db# 27650 mV       
#db# 28323 mV       
#db# 29316 mV       
#db# 30096 mV       
#db# 30592 mV       
#db# 30947 mV       
#db# 31195 mV       
#db# 31408 mV       
#db# 31585 mV       
#db# 31691 mV       
#db# 31833 mV       
#db# 31939 mV       
#db# 32010 mV       
#db# 32081 mV       
#db# 32116 mV       
#db# 32152 mV       
#db# 32152 mV       
#db# 32187 mV       
#db# 32152 mV       
#db# 32152 mV       
#db# 32152 mV       
#db# 32152 mV       
#db# 32116 mV       
#db# 32046 mV       
#db# 31939 mV       
#db# 31762 mV       
#db# 31443 mV       
#db# 30982 mV       
#db# 30273 mV       
#db# 29316 mV       
#db# 28040 mV       
#db# 26551 mV       
#db# 25027 mV       
#db# 23325 mV       
#db# 23006 mV       
#db# 23112 mV       
#db# 23254 mV       
#db# 24211 mV       
#db# 26693 mV       
#db# 29741 mV       
#db# 31266 mV       
#db# 31797 mV       
#db# 32010 mV       
#db# 32116 mV       
#db# 32152 mV       
#db# 32187 mV       
#db# 32187 mV       
#db# 32187 mV       
#db# 32187 mV       
#db# 32187 mV       
#db# 32187 mV       
#db# 32187 mV       
#db# 32187 mV       
#db# 32187 mV       
#db# 32187 mV       
#db# 32187 mV       
#db# 32187 mV       
#db# 32187 mV       
#db# 32187 mV       
#db# 32187 mV       
#db# 32187 mV       
#db# 32187 mV       
#db# 32187 mV       
#db# 32187 mV       
#db# 32187 mV       
#db# 32187 mV       
#db# 32187 mV       
#db# 32187 mV       
#db# 32187 mV       
#db# 32187 mV       
#db# 32187 mV       
#db# 32187 mV       
#db# 32187 mV       
#db# 32187 mV       
#db# 32187 mV       
#db# 32187 mV       
#db# 32187 mV       
#db# 32187 mV       
#db# 32187 mV       
#db# 32187 mV       
#db# 32187 mV       
#db# 32187 mV       
#db# 32187 mV       
#db# 32187 mV       
#db# 32187 mV       
#db# 32187 mV       
#db# 32187 mV       
#db# 32187 mV       
#db# 32187 mV       
#db# 32187 mV       
#db# 32152 mV       
#db# 32187 mV       
#db# 32187 mV       
#db# 32187 mV       
#db# 32187 mV       
#db# 32187 mV       
#db# 32187 mV       
#db# 32187 mV       
#db# 32187 mV       
#db# 32187 mV       
#db# 32187 mV       
#db# 32187 mV       
#db# 32187 mV       
#db# 32187 mV       
#db# 32187 mV       
#db# 32187 mV       
#db# 32152 mV       
#db# 32152 mV       
#db# 32187 mV       
#db# 32187 mV       
#db# 32152 mV       
#db# 32187 mV       
#db# 32187 mV       
#db# 32187 mV       
#db# 32187 mV       
#db# 32187 mV       
#db# 32187 mV       
#db# 32187 mV       
#db# 32187 mV       
#db# 32152 mV       
#db# 32187 mV       
#db# 32152 mV       
#db# 32187 mV       
#db# 32152 mV       
#db# 32152 mV       
#db# 32187 mV       
#db# 32152 mV       
#db# 32187 mV       
#db# 32152 mV       
#db# 32152 mV       
#db# 32152 mV       
#db# 32187 mV       
#db# 32152 mV       
#db# 32152 mV       
#db# 32152 mV       
#db# 32152 mV       
#db# 32152 mV       
#db# 32152 mV       
#db# 32152 mV       
#db# 32152 mV       
#db# 32152 mV       
#db# 32187 mV       
#db# 32152 mV       
#db# 32152 mV       
#db# 32152 mV       
#db# 32152 mV       
#db# 32152 mV       
#db# 32152 mV       
#db# 32152 mV       
#db# 32152 mV       
#db# 32152 mV       
#db# 32152 mV       
#db# 32152 mV       
#db# 32152 mV       
#db# 32152 mV       
#db# 32152 mV       
#db# 32152 mV       
#db# 32152 mV       
#db# 32152 mV       
#db# 32152 mV       
#db# 32152 mV       
#db# 32152 mV       
#db# 32152 mV       
#db# 32152 mV       
#db# 32152 mV       
#db# 32152 mV       
#db# 32152 mV       
#db# 32152 mV       
#db# 32152 mV       
#db# 32152 mV       
#db# 32152 mV       
#db# 32152 mV       
#db# 32152 mV       
#db# 32152 mV       
#db# 32152 mV       
#db# 32152 mV       
#db# 32152 mV       
#db# 32152 mV       
#db# 32152 mV       
#db# 32152 mV       
#db# 32152 mV       
#db# 32152 mV       
#db# 32152 mV       
#db# 32152 mV       
#db# 32152 mV       
#db# 32152 mV       
#db# 32152 mV       
#db# 32152 mV       
#db# 32152 mV       
#db# 32152 mV       
#db# 32152 mV       
#db# 32152 mV       
#db# 32152 mV       
#db# 32152 mV       
#db# 32152 mV       
#db# 32152 mV       
#db# 32152 mV       
#db# 32152 mV       
#db# 32152 mV       
#db# 32152 mV       
#db# 32152 mV       
#db# 32152 mV       
#db# 32152 mV       
#db# 32152 mV       
#db# 32152 mV       
#db# 32152 mV       
#db# 32152 mV       
#db# 32152 mV       
#db# 32152 mV       
#db# 32152 mV       
#db# 32152 mV       
#db# 32152 mV       
#db# 32152 mV       
#db# 32152 mV       
#db# 32152 mV       
#db# 32152 mV       
#db# 32152 mV       
#db# 32152 mV       
#db# 32152 mV       
#db# 32152 mV       
#db# 32152 mV       
#db# 32152 mV       
#db# 32152 mV       
#db# 32152 mV       
#db# 32152 mV       
#db# 32152 mV       
#db# 32152 mV       
#db# 32152 mV       
#db# 32152 mV       
#db# 32152 mV       
#db# 32152 mV       
#db# 32152 mV       
#db# 32152 mV       
#db# 32152 mV       
#db# 32152 mV       
#db# 32152 mV       
#db# 32152 mV       
#db# 32152 mV       
#db# 32152 mV       
#db# 32152 mV       
#db# 32152 mV       
#db# 32152 mV       
#db# 32152 mV       
#db# 32152 mV       
#db# 32152 mV       
#db# 32152 mV       
#db# 32152 mV       
#db# 32152 mV       
#db# 32152 mV       
#db# 32152 mV       
#db# 32152 mV       
#db# 32152 mV       
#db# 32152 mV       
#db# 32152 mV       
#db# 32152 mV       
#db# 32152 mV       
#db# 32152 mV       
#db# 32152 mV       
#db# 32152 mV       
#db# 32152 mV       
#db# 32152 mV       
#db# 32152 mV       
#db# 32152 mV       
#db# 32152 mV       
#db# 32152 mV       
#db# 32152 mV       
#db# 32152 mV       
#db# 32152 mV       
#db# 32152 mV       
#db# 32152 mV       
#db# 32152 mV       
#db# 32152 mV       
#db# 32152 mV       
#db# 32152 mV       
#db# 32152 mV       
#db# 32152 mV       
#db# 32152 mV       
#db# 32152 mV       
#db# 32152 mV       
#db# 32152 mV       
#db# 32152 mV       
#db# 32152 mV       
#db# 32152 mV       
#db# 32152 mV       
#db# 32152 mV       
#db# 32152 mV       
#db# 32152 mV       
#db# 32152 mV       
#db# 32152 mV       
#db# 32152 mV       
#db# 32152 mV       
#db# 32152 mV       
#db# 32152 mV       
#db# 32152 mV       
#db# 32152 mV       
#db# 32152 mV       
#db# 32152 mV       
#db# 32152 mV       
#db# 32116 mV       
#db# 32116 mV       
#db# 32116 mV       
#db# 32116 mV       
#db# 32116 mV       
#db# 32116 mV       
#db# 32081 mV       
#db# 32081 mV       
#db# 32010 mV       
#db# 31939 mV       
#db# 31727 mV       
#db# 31443 mV       
#db# 31124 mV       
#db# 30805 mV       
#db# 30415 mV       
#db# 29919 mV       
#db# 29351 mV       
#db# 28572 mV       
#db# 27366 mV       
#db# 25736 mV       
#db# 23644 mV       
#db# 21269 mV       
#db# 19745 mV       
#db# 19922 mV       
#db# 21163 mV       
#db# 23148 mV       
#db# 24672 mV       
#db# 25629 mV       
#db# 26090 mV       
#db# 26196 mV       
#db# 25984 mV       
#db# 25346 mV       
#db# 24176 mV       
#db# 22581 mV       
#db# 20808 mV       
#db# 18646 mV       
#db# 16625 mV       
#db# 16129 mV       
#db# 16129 mV       
#db# 16093 mV       
#db# 15952 mV       
#db# 15633 mV       
#db# 15526 mV       
#db# 15455 mV       
#db# 15384 mV       
#db# 15349 mV       
#db# 15314 mV       
#db# 15243 mV       
#db# 15207 mV       
#db# 15207 mV       
#db# 15243 mV       
#db# 15314 mV       
#db# 15384 mV       
#db# 15455 mV       
#db# 15455 mV       
#db# 15455 mV       
#db# 15420 mV       
#db# 15420 mV       
#db# 15384 mV       
#db# 15455 mV       
#db# 15491 mV       
#db# 15526 mV       
#db# 15526 mV       
#db# 15526 mV       
#db# 15633 mV       
#db# 15881 mV       
#db# 16554 mV       
#db# 18185 mV       
#db# 21446 mV       
#db# 25594 mV       
#db# 28997 mV       
#db# 30911 mV       
#db# 31727 mV       
#db# 32081 mV       
#db# 32152 mV       
#db# 32187 mV       
#db# 32187 mV       
#db# 32187 mV       
#db# 32187 mV       
#db# 32187 mV       
#db# 32187 mV       
#db# 32187 mV       
#db# 32187 mV       
#db# 32187 mV       
#db# 32187 mV       
#db# 32187 mV       
#db# 32187 mV       
#db# 32187 mV       
#db# 32187 mV       
#db# 32187 mV       
#db# 32152 mV       
#db# 32187 mV       
#db# 32152 mV       
#db# 32152 mV       
#db# 32152 mV       
#db# 32152 mV       
#db# 32152 mV       
#db# 32116 mV       
#db# 32046 mV       
#db# 31904 mV       
#db# 31656 mV       
#db# 31195 mV       
#db# 30521 mV       
#db# 29635 mV       
#db# 28784 mV       
#db# 28111 mV       
#db# 27650 mV       
#db# 27154 mV       
#db# 26480 mV       
#db# 25807 mV       
#db# 25168 mV       
#db# 24743 mV       
#db# 24530 mV       
#db# 24211 mV       
#db# 23644 mV       
#db# 22829 mV       
#db# 21943 mV       
#db# 21092 mV       
#db# 19993 mV       
#db# 18717 mV       
#db# 17334 mV       
#db# 15810 mV       
#db# 14711 mV       
#db# 14215 mV       
#db# 14179 mV       
#db# 21234 mV       
#db# 25168 mV       
#db# 28749 mV       
#db# 30699 mV       
#db# 31549 mV       
#db# 31904 mV       
#db# 32046 mV       
#db# 32116 mV       
#db# 32152 mV       
#db# 32152 mV       
#db# 32152 mV       
#db# 32187 mV       
#db# 32187 mV       
#db# 32187 mV       
#db# 32152 mV       
#db# 32187 mV       
#db# 32187 mV       
#db# 32152 mV       
#db# 32187 mV       
#db# 32187 mV       
#db# 32187 mV       
#db# 32187 mV       
#db# 32152 mV       
#db# 32152 mV       
#db# 32152 mV       
#db# 32152 mV       
#db# 32116 mV       
#db# 32081 mV       
#db# 32046 mV       
#db# 31975 mV       
#db# 31868 mV       
#db# 31656 mV       
#db# 31266 mV       
#db# 30557 mV       
#db# 29351 mV       
#db# 27473 mV       
#db# 25098 mV       
#db# 22971 mV       
#db# 21553 mV       
#db# 20773 mV       
#db# 20312 mV       
#db# 19851 mV       
#db# 19426 mV       
#db# 18894 mV       
#db# 18256 mV       
#db# 17547 mV       
#db# 16873 mV       
#db# 16412 mV       
#db# 16342 mV       
#db# 16306 mV       
#db# 16342 mV       
#db# 16377 mV       
#db# 16377 mV       
#db# 16306 mV       
#db# 16235 mV       
#db# 16200 mV       
#db# 16164 mV       
#db# 16129 mV       
#db# 16129 mV       
#db# 16093 mV       
#db# 16093 mV       
#db# 16093 mV       
#db# 16164 mV       
#db# 16235 mV       
#db# 16306 mV       
#db# 16342 mV       
#db# 16235 mV       
#db# 16093 mV       
#db# 16058 mV       
#db# 16023 mV       
#db# 16023 mV       
#db# 16023 mV       
#db# 15987 mV       
#db# 15916 mV       
#db# 15881 mV       
#db# 15845 mV       
#db# 15810 mV       
#db# 15774 mV       
#db# 15739 mV       
#db# 15704 mV       
#db# 15633 mV       
#db# 15526 mV       
#db# 15455 mV       
#db# 15384 mV       
#db# 15349 mV       
#db# 15278 mV       
#db# 15207 mV       
#db# 15172 mV       
#db# 15136 mV       
#db# 15136 mV       
#db# 15136 mV       
#db# 15136 mV       
#db# 15136 mV       
#db# 15172 mV       
#db# 15314 mV       
#db# 29493 mV       
#db# 29316 mV       
#db# 29068 mV       
#db# 28713 mV       
#db# 28288 mV       
#db# 27756 mV       
#db# 27225 mV       
#db# 26728 mV       
#db# 26232 mV       
#db# 25700 mV       
#db# 25133 mV       
#db# 24566 mV       
#db# 23963 mV       
#db# 23396 mV       
#db# 22793 mV       
#db# 22191 mV       
#db# 21553 mV       
#db# 20950 mV       
#db# 20347 mV       
#db# 19780 mV       
#db# 19213 mV       
#db# 18681 mV       
#db# 18256 mV       
#db# 17937 mV       
#db# 17618 mV       
#db# 17334 mV       
#db# 17015 mV       
#db# 16732 mV       
#db# 16483 mV       
#db# 16271 mV       
#db# 16129 mV       
#db# 16023 mV       
#db# 15916 mV       
#db# 15810 mV       
#db# 15739 mV       
#db# 15704 mV       
#db# 15633 mV       
#db# 15526 mV       
#db# 15455 mV       
#db# 15384 mV       
#db# 15278 mV       
#db# 15207 mV       
#db# 15172 mV       
#db# 15101 mV       
#db# 14995 mV       
#db# 14959 mV       
#db# 14888 mV       
#db# 14888 mV       
#db# 14853 mV       
#db# 14853 mV       
#db# 14853 mV       
#db# 14853 mV       
#db# 14817 mV       
#db# 14817 mV       
#db# 14853 mV       
#db# 14817 mV       
#db# 14817 mV       
#db# 14817 mV       
#db# 14853 mV       
#db# 14817 mV       
#db# 14817 mV       
#db# 14817 mV       
#db# 14817 mV       
#db# 14817 mV       
#db# 14817 mV       
#db# 14817 mV       
#db# 14817 mV       
#db# 14853 mV       
#db# 14853 mV       
#db# 14888 mV       
#db# 14959 mV       
#db# 15101 mV       
#db# 15349 mV       
#db# 15668 mV       
#db# 16164 mV       
#db# 16802 mV       
#db# 17547 mV       
#db# 18220 mV       
#db# 18788 mV       
#db# 19319 mV       
#db# 19816 mV       
#db# 20276 mV       
#db# 20702 mV       
#db# 21056 mV       
#db# 21375 mV       
#db# 21624 mV       
#db# 21836 mV       
#db# 21978 mV       
#db# 22049 mV       
#db# 22120 mV       
#db# 22155 mV       
#db# 22155 mV       
#db# 22191 mV       
#db# 22191 mV       
#db# 22191 mV       
#db# 22226 mV       
#db# 21340 mV       
#db# 21234 mV       
#db# 21127 mV       
#db# 21127 mV       
#db# 21056 mV       
#db# 21127 mV       
#db# 21127 mV       
#db# 21163 mV       
#db# 21163 mV       
#db# 21127 mV       
#db# 21056 mV       
#db# 20985 mV       
#db# 20915 mV       
#db# 20808 mV       
#db# 20702 mV       
#db# 20595 mV       
#db# 20525 mV       
#db# 20454 mV       
#db# 20418 mV       
#db# 20347 mV       
#db# 20312 mV       
#db# 20312 mV       
#db# 20312 mV       
#db# 20312 mV       
#db# 20312 mV       
#db# 20312 mV       
#db# 20312 mV       
#db# 20312 mV       
#db# 20347 mV       
#db# 20347 mV       
#db# 20347 mV       
#db# 20347 mV       
#db# 20347 mV       
#db# 20347 mV       
#db# 20383 mV       
#db# 20383 mV       
#db# 20383 mV       
#db# 20347 mV       
#db# 20276 mV       
#db# 20170 mV       
#db# 20028 mV       
#db# 19887 mV       
#db# 19745 mV       
#db# 19567 mV       
#db# 19532 mV       
#db# 19638 mV       
#db# 20028 mV       
#db# 20844 mV       
#db# 22297 mV       
#db# 25665 mV       
#db# 29245 mV       
#db# 30982 mV       
#db# 31691 mV       
#db# 31975 mV       
#db# 32116 mV       
#db# 32187 mV       
#db# 32187 mV       
#db# 32223 mV       
#db# 32223 mV       
#db# 32223 mV       
#db# 32223 mV       
#db# 32223 mV       
#db# 32223 mV       
#db# 32223 mV       
#db# 32223 mV       
#db# 32223 mV       
#db# 32223 mV       
#db# 32223 mV       
#db# 32223 mV       
#db# 32223 mV       
#db# 32223 mV       
#db# 32223 mV       
#db# 32223 mV       
#db# 32223 mV       
#db# 32223 mV       
#db# 32223 mV       
#db# 32223 mV       
#db# 32223 mV       
#db# 32223 mV       
#db# 32223 mV       
#db# 32223 mV       
#db# 32223 mV       
#db# 32223 mV       
#db# 32223 mV       
#db# 32223 mV       
#db# 32223 mV       
#db# 32223 mV       
#db# 32223 mV       
#db# 32223 mV       
#db# 32223 mV       
#db# 32223 mV       
#db# 32223 mV       
#db# 32187 mV       
#db# 32187 mV       
#db# 32187 mV       
#db# 32187 mV       
#db# 32187 mV       
#db# 32152 mV       
#db# 32152 mV       
#db# 32152 mV       
#db# 32152 mV       
#db# 32152 mV       
#db# 32152 mV       
#db# 32152 mV       
#db# 32152 mV       
#db# 32152 mV       
#db# 32152 mV       
#db# 32152 mV       
#db# 32152 mV       
#db# 32152 mV       
#db# 32152 mV       
#db# 32152 mV       
#db# 32152 mV       
#db# 32152 mV       
#db# 32152 mV       
#db# 32152 mV       
#db# 32152 mV       
#db# 32152 mV       
#db# 32152 mV       
#db# 32152 mV       
#db# 32152 mV       
#db# 32152 mV       
#db# 32152 mV       
#db# 32152 mV       
#db# 32152 mV       
#db# 32152 mV       
#db# 32152 mV       
#db# 32152 mV       
#db# 32152 mV       
#db# 32152 mV       
#db# 32152 mV       
#db# 32152 mV       
#db# 32152 mV       
#db# 32152 mV       
#db# 32152 mV       
#db# 32152 mV       
#db# 32152 mV       
#db# 32152 mV       
#db# 32152 mV       
#db# 32152 mV       
#db# 32152 mV       
#db# 32152 mV       
#db# 32152 mV       
#db# 32152 mV       
#db# 32152 mV       
#db# 32152 mV       
#db# 32152 mV       
#db# 32152 mV       
#db# 32152 mV       
#db# 32152 mV       
#db# 32152 mV       
#db# 32152 mV       
#db# 32152 mV       
#db# 32152 mV       
#db# 32152 mV       
#db# 32152 mV       
#db# 32152 mV       
#db# 32152 mV       
#db# 32152 mV       
#db# 32152 mV       
#db# 32152 mV       
#db# 32152 mV       
#db# 32152 mV       
#db# 32152 mV       
#db# 32152 mV       
#db# 32152 mV       
#db# 32152 mV       
#db# 32152 mV       
#db# 32152 mV       
#db# 32152 mV       
#db# 32152 mV       
#db# 32152 mV       
#db# 32152 mV       
#db# 32152 mV       
#db# 32152 mV       
#db# 32152 mV       
#db# 32152 mV       
#db# 32152 mV       
#db# 32152 mV       
#db# 32152 mV       
#db# 32152 mV       
#db# 32152 mV       
#db# 32152 mV       
#db# 32152 mV       
#db# 32152 mV       
#db# 32152 mV       
#db# 32152 mV       
#db# 32152 mV       
#db# 32152 mV       
#db# 32152 mV       
#db# 32152 mV       
#db# 32152 mV       
#db# 32152 mV       
#db# 32152 mV       
#db# 32152 mV       
#db# 32152 mV       
#db# 32152 mV       
#db# 32152 mV       
#db# 32152 mV       
#db# 32152 mV       
#db# 32116 mV       
#db# 32152 mV       
#db# 32152 mV       
#db# 32116 mV       
#db# 32152 mV       
#db# 32152 mV       
#db# 32152 mV       
#db# 32152 mV       
#db# 32152 mV       
#db# 32116 mV       
#db# 32152 mV       
#db# 32152 mV       
#db# 32152 mV       
#db# 32152 mV       
#db# 32152 mV       
#db# 32152 mV       
#db# 32152 mV       
#db# 32152 mV       
#db# 32152 mV       
#db# 32116 mV       
#db# 32116 mV       
#db# 32116 mV       
#db# 32116 mV       
#db# 32116 mV       
#db# 32152 mV       
#db# 32152 mV       
#db# 32152 mV       
#db# 32152 mV       
#db# 32152 mV       
#db# 32152 mV       
#db# 32152 mV       
#db# 32152 mV       
#db# 32187 mV       
#db# 32187 mV       
#db# 32187 mV       
#db# 32187 mV       
#db# 32187 mV       
#db# 32187 mV       
#db# 32187 mV       
#db# 32187 mV       
#db# 32187 mV       
#db# 32187 mV       
#db# 32187 mV       
#db# 32187 mV       
#db# 32187 mV       
#db# 32187 mV       
#db# 32187 mV       
#db# 32187 mV       
#db# 32187 mV       
#db# 32187 mV       
#db# 32187 mV       
#db# 32187 mV       
#db# 32187 mV       
#db# 32187 mV       
#db# 32152 mV       
#db# 32152 mV       
#db# 32116 mV       
#db# 32081 mV       
#db# 32081 mV       
#db# 32046 mV       
#db# 31904 mV       
#db# 31868 mV       
#db# 31797 mV       
#db# 31691 mV       
#db# 31585 mV       
#db# 31478 mV       
#db# 31372 mV       
#db# 31372 mV       
#db# 31301 mV       
#db# 31266 mV       
#db# 31266 mV       
#db# 31230 mV       
#db# 31230 mV       
#db# 31266 mV       
#db# 31266 mV       
#db# 31266 mV       
#db# 31266 mV       
WARNING: Command buffer about to overwrite command! This needs to be fixed!
#db# 31939 mV       
#db# 32010 mV       
#db# 32081 mV       
#db# 32116 mV       
#db# 32116 mV       
#db# 32116 mV       
#db# 32116 mV       
#db# 32152 mV       
#db# 32152 mV       
#db# 32152 mV       
#db# 32116 mV       
#db# 32081 mV       
#db# 32081 mV       
#db# 32046 mV       
#db# 32046 mV       
#db# 32046 mV       
#db# 32046 mV       
#db# 32046 mV       
#db# 32046 mV       
#db# 32046 mV       
#db# 32046 mV       
#db# 32046 mV       
#db# 32046 mV       
#db# 32046 mV       
#db# 32046 mV       
#db# 32010 mV       
#db# 32010 mV       
#db# 32010 mV       
#db# 32010 mV       
#db# 32010 mV       
#db# 32010 mV       
#db# 32010 mV       
#db# 31904 mV       
#db# 31904 mV       
#db# 31868 mV       
#db# 31868 mV       
#db# 31868 mV       
#db# 31868 mV       
#db# 31868 mV       
#db# 31868 mV       
#db# 31868 mV       
#db# 31868 mV       
#db# 31868 mV       
#db# 31868 mV       
#db# 31868 mV       
#db# 31868 mV       
#db# 31868 mV       
#db# 31868 mV       
#db# 31868 mV       
#db# 31868 mV       
#db# 31868 mV       
#db# 31868 mV       
#db# 31868 mV       
#db# 31868 mV       
#db# 31868 mV       
#db# 31868 mV       
#db# 31868 mV       
#db# 31868 mV       
#db# 31868 mV       
#db# 31868 mV       
#db# 31868 mV       
#db# 31868 mV       
#db# 31868 mV       
#db# 31868 mV       
#db# 31868 mV       
#db# 31868 mV       
#db# 31868 mV       
#db# 31868 mV       
#db# 31868 mV       
#db# 31868 mV       
#db# 31868 mV       
#db# 31868 mV       
#db# 31833 mV       
#db# 31868 mV       
#db# 31833 mV       
#db# 31868 mV       
#db# 31833 mV       
#db# 31868 mV       
#db# 31833 mV       
#db# 31833 mV       
#db# 31833 mV       
#db# 31868 mV       
#db# 31833 mV       
#db# 31833 mV       
#db# 31833 mV       
#db# 31833 mV       
#db# 31833 mV       
#db# 31868 mV       
#db# 31868 mV       
#db# 31868 mV       
#db# 31868 mV       
#db# 31868 mV       
#db# 31868 mV       
#db# 31868 mV       
#db# 31833 mV       
#db# 31833 mV       
#db# 31833 mV       
#db# 31833 mV       
#db# 31833 mV       
#db# 31833 mV       
#db# 31833 mV       
#db# 31833 mV       
#db# 31833 mV       
#db# 31833 mV       
#db# 31833 mV       
#db# 31833 mV       
#db# 31833 mV       
#db# 31833 mV       
#db# 31833 mV       
#db# 31833 mV       
#db# 31833 mV       
#db# 31833 mV       
#db# 31833 mV       
#db# 31833 mV       
#db# 31833 mV       
#db# 31833 mV       
#db# 31833 mV       
#db# 31833 mV       
#db# 31833 mV       
#db# 31833 mV       
#db# 31833 mV       
#db# 31833 mV       
#db# 31833 mV       
#db# 31833 mV       
#db# 31833 mV       
#db# 31833 mV       
#db# 31833 mV       
#db# 31833 mV       
#db# 31833 mV       
#db# 31833 mV       
#db# 31833 mV       
#db# 31833 mV       
#db# 31833 mV       
#db# 31833 mV       
#db# 31833 mV       
#db# 31833 mV       
#db# 31868 mV       
#db# 31868 mV       
#db# 31868 mV       
#db# 31868 mV       
#db# 31868 mV       
#db# 31868 mV       
#db# 31868 mV       
#db# 31868 mV       
#db# 31868 mV       
#db# 31868 mV       
#db# 31868 mV       
#db# 31868 mV       
#db# 31868 mV       
#db# 31868 mV       
#db# 31868 mV       
#db# 31868 mV       
#db# 31868 mV       
#db# 31868 mV       
#db# 31868 mV       
#db# 31868 mV       
#db# 31868 mV       
#db# 31868 mV       
#db# 31868 mV       
#db# 31868 mV       
#db# 31868 mV       
#db# 31868 mV       
#db# 31868 mV       
#db# 31868 mV       
#db# 31868 mV       
#db# 31868 mV       
#db# 31868 mV       
#db# 31868 mV       
#db# 31868 mV       
#db# 31868 mV       
#db# 31868 mV       
#db# 31868 mV       
#db# 31868 mV       
#db# 31868 mV       
#db# 31868 mV       
#db# 31868 mV       
#db# 31868 mV       
#db# 31868 mV       
#db# 31868 mV       
#db# 31868 mV       
#db# 31868 mV       
#db# 31868 mV       
#db# 31868 mV       
#db# 31868 mV       
#db# 31868 mV       
#db# 31868 mV       
#db# 31868 mV       
#db# 31868 mV       
#db# 31868 mV       
#db# 31868 mV       
#db# 31868 mV       
#db# 31868 mV       
#db# 31868 mV       
#db# 31868 mV       
#db# 31868 mV       
#db# 31868 mV       
#db# 31868 mV       
#db# 31868 mV       
#db# 31868 mV       
#db# 31868 mV       
#db# 31868 mV       
#db# 31868 mV       
#db# 31868 mV       
#db# 31868 mV       
#db# 31868 mV       
#db# 31868 mV       
#db# 31868 mV       
#db# 31868 mV       
#db# 31868 mV       
#db# 31868 mV       
#db# 31868 mV       
#db# 31868 mV       
#db# 31868 mV       
#db# 31868 mV       
#db# 31868 mV       
#db# 31868 mV       
#db# 31868 mV       
#db# 31868 mV       
#db# 31868 mV       
#db# 31868 mV       
#db# 31868 mV       
#db# 31868 mV       
#db# 31904 mV       
#db# 31904 mV       
#db# 31939 mV       
#db# 31975 mV       
#db# 32081 mV       
#db# 32116 mV       
#db# 32152 mV       
#db# 32152 mV       
#db# 32152 mV       
#db# 32152 mV       
#db# 32152 mV       
#db# 32152 mV       
#db# 32152 mV       
#db# 32187 mV       
#db# 32187 mV       
#db# 32187 mV       
#db# 32187 mV       
#db# 32187 mV       
#db# 32187 mV       
#db# 32152 mV       
#db# cancelled       
#db# Prox/RFID mark3 RFID instrument       
#db# bootrom: /-suspect 2015-04-02 15:12:04       
#db# os: /-suspect 2015-04-02 15:12:11       
#db# HF FPGA image built on 2015/03/09 at 08:41:42       
uC: AT91SAM7S256 Rev D
Embedded Processor: ARM7TDMI
Nonvolatile Program Memory Size: 256K bytes
Second Nonvolatile Program Memory Size: None
Internal SRAM Size: 64K bytes
Architecture Identifier: AT91SAM7Sxx Series
Nonvolatile Program Memory Type: Embedded Flash Memory
14araw.lua       A script file
cmdline.lua      A script file
dumptoemul.lua   A script file
emul2dump.lua    A script file
emul2html.lua    A script file
formatMifare.lua A script file
hf_read.lua      A script file
htmldump.lua     A script file
mfkeys.lua       A script file
mifare_autopwn.lua A script file
ndef_dump.lua    A script file
parameters.lua   A script file
remagic.lua      A script file
test.lua         A script file
test_t55x7_ask.lua A script file
test_t55x7_bi.lua A script file
test_t55x7_fsk.lua A script file
test_t55x7_psk.lua A script file
tnp3dump.lua     A script file
tnp3sim.lua      A script file
tracetest.lua    A script file
writeraw.lua     A script file
#db# LF 125/134kHz Baseline: 0mV       
Sending bytes to proxmark failed
Waiting for a response from the proxmark...
Don't forget to cancel its operation first by pressing on the button
